Arguments: 
  C:\Program Files\nodejs\node.exe C:\Users\Wolfgang\AppData\Roaming\npm\node_modules\yarn\bin\yarn.js install

PATH: 
  C:\Users\Wolfgang\Desktop\ServerForLangTest\node_modules\.bin;C:\Python27\;C:\Python27\Scripts;C:\ProgramData\Oracle\Java\javapath;C:\WINDOWS\system32;C:\WINDOWS;C:\WINDOWS\System32\Wbem;C:\WINDOWS\System32\WindowsPowerShell\v1.0\;C:\Program Files\dotnet\;C:\ProgramData\chocolatey\bin;C:\Program Files\Git\cmd;C:\Program Files\nodejs\;C:\Program Files\Java\jdk1.8.0_181\bin;C:\Program Files\Java\jdk1.8.0_181\bin;C:\Users\Wolfgang\AppData\Local\Android\Sdk\platform-tools;F:\Devenloper Collection\Android\Decode Apk\Decoded App\path;C:\Program Files\apache-maven-3.6.0\bin;C:\Program Files\Microsoft SQL Server\130\Tools\Binn\;C:\Program Files (x86)\NVIDIA Corporation\PhysX\Common;C:\Users\Wolfgang\AppData\Local\Microsoft\WindowsApps;C:\Users\Wolfgang\AppData\Roaming\npm;C:\Users\Wolfgang\AppData\Local\Programs\Microsoft VS Code\bin;C:\Program Files\Java\jdk1.8.0_181\bin;F:\Devenloper Collection\Android\Decode Apk\Decoded App\path;C:\Program Files\JetBrains\IntelliJ IDEA 2018.3\bin;;C:\Users\Wolfgang\AppData\Local\Google\Cloud SDK\google-cloud-sdk\bin;C:\Program Files (x86)\Nmap

Yarn version: 
  1.12.3

Node version: 
  10.11.0

Platform: 
  win32 x64

Trace: 
  SyntaxError: C:\Users\Wolfgang\Desktop\ServerForLangTest\package.json: Unexpected token ] in JSON at position 304
      at JSON.parse (<anonymous>)
      at C:\Users\Wolfgang\AppData\Roaming\npm\node_modules\yarn\lib\cli.js:1631:59
      at Generator.next (<anonymous>)
      at step (C:\Users\Wolfgang\AppData\Roaming\npm\node_modules\yarn\lib\cli.js:304:30)
      at C:\Users\Wolfgang\AppData\Roaming\npm\node_modules\yarn\lib\cli.js:315:13

npm manifest: 
  {
    "name": "argon-dashboard-react",
    "version": "1.0.0",
    "description": "React version of Code Gen by UIT",
    "main": "index.js",
    "repository": {
      "type": "git",
      "url": "git+https://github.com/creativetimofficial/argon-dashboard-react.git"
    },
    "keywords": [
      "react",
      "reactjs",
    ],
    "author": "UIT",
    "license": "MIT",
    "homepage": "https://qrcode-free.com",
    "bugs": {
      "url": "https://github.com/creativetimofficial/argon-dashboard-react/issues"
    },
    "scripts": {
      "start": "react-app-rewired start",
      "build": "react-app-rewired build",
      "test": "react-app-rewired test",
      "eject": "react-app-rewired eject",
      "install:clean": "rm -rf node_modules/ && rm -rf package-lock.json && npm install && npm start",
      "compile-sass": "node-sass src/assets/scss/argon-dashboard-react.scss src/assets/css/argon-dashboard-react.css",
      "minify-sass": "node-sass src/assets/scss/argon-dashboard-react.scss src/assets/css/argon-dashboard-react.min.css --output-style compressed",
      "map-sass": "node-sass src/assets/scss/argon-dashboard-react.scss src/assets/css/argon-dashboard-react.css --source-map true"
    },
    "husky": {
      "hooks": {
        "pre-commit": "SET NODE_ENV=production & lint-staged"
      }
    },
    "eslintConfig": {
      "extends": "react-app"
    },
    "browserslist": [
      ">0.2%",
      "not dead",
      "not ie <= 11",
      "not op_mini all"
    ],
    "lint-staged": {
      "*.{js,jsx},!*.min.js": [
        "pretty-quick --staged",
        "eslint src/ --fix",
        "git add"
      ]
    },
    "dependencies": {
      "classnames": "^2.2.6",
      "mobx": "^5.9.4",
      "mobx-react": "^5.4.3",
      "moment": "^2.24.0",
      "node-sass": "^4.12.0",
      "nouislider": "^13.1.5",
      "promise.prototype.finally": "^3.1.0",
      "prop-types": "^15.7.2",
      "react": "^16.8.6",
      "react-app-rewire-styled-components": "^3.0.2",
      "react-app-rewired": "^2.1.3",
      "react-dom": "^16.8.6",
  
      "react-router-dom": "^5.0.0",
      "react-router-sitemap": "^1.2.0",
      "react-scripts": "^3.0.0",
      "reactstrap": "^8.0.0",
      "styled-components": "^4.2.0",
      "superagent": "^5.0.5",
      "superagent-promise": "^1.1.0",
    },
    "devDependencies": {
      "@babel/plugin-proposal-decorators": "^7.4.4",
      "@types/markerclustererplus": "^2.1.33",
      "@types/react": "^16.8.16",
      "browserslist": "^4.5.5",
      "eslint-config-airbnb": "^17.1.0",
      "eslint-config-prettier": "^4.2.0i",
      "eslint-plugin-import": "^2.17.2",
      "eslint-plugin-jsx-a11y": "^6.2.1",
      "eslint-plugin-prettier": "^3.0.1",
      "eslint-plugin-react": "^7.13.0",
      "husky": "^2.2.0",
      "lint-staged": "^8.1.6",
      "postcss-preset-env": "^6.6.0",
      "prettier": "^1.17.0",
      "pretty-quick": "^1.10.0",
      "typescript": "^3.4.5"
    }
  }

yarn manifest: 
  No manifest

Lockfile: 
  No lockfile
